<?xml version="1.0" encoding="UTF-8"?>
<testsuite xmlns:xsi="http://www.w3.org/2001/XMLSchema-instance" xsi:noNamespaceSchemaLocation="https://maven.apache.org/surefire/maven-failsafe-plugin/xsd/failsafe-test-report.xsd" version="3.0.2" name="com.testing.training.runner.CucumberRunner" time="5.828" tests="14" errors="0" skipped="11" failures="0">
  <properties>
[...]
</properties>
  <testcase name="WireMock Login API - Successful login returns same username in response - Examples - Example #1.2" classname="WireMock Login API - Successful login returns same username in response - Examples" time="0.0">
    <skipped message="&apos;cucumber.filter.tags=@successfulGetTask&apos; did not match this scenario"/>
    <system-err><![CDATA[[main] INFO com.testing.training.stepdefinitions.commons.Hooks - Starting WireMock server before test suite execution
[main] INFO org.eclipse.jetty.server.Server - jetty-11.0.26; built: 2025-08-14T18:03:14.457Z; git: 7559873b6e46eea7c2c6da2b58327ea2ecf941f4; jvm 23.0.1+11-39
[main] INFO org.eclipse.jetty.server.handler.ContextHandler - Started o.e.j.s.ServletContextHandler@489bc8fd{/__admin,null,AVAILABLE}
[main] INFO org.eclipse.jetty.server.handler.ContextHandler.ROOT - RequestHandlerClass from context returned com.github.tomakehurst.wiremock.http.StubRequestHandler. Normalized mapped under returned 'null'
[main] INFO org.eclipse.jetty.server.handler.ContextHandler - Started o.e.j.s.ServletContextHandler@7b222230{/,null,AVAILABLE}
[main] INFO org.eclipse.jetty.server.AbstractConnector - Started NetworkTrafficServerConnector@2e5e6fc4{HTTP/1.1, (http/1.1, h2c)}{0.0.0.0:8089}
[main] INFO org.eclipse.jetty.server.Server - Started Server@1d4f5506{STARTING}[11.0.26,sto=1000] @2269ms
[main] INFO com.testing.training.config.MockServerManager - WireMock server started successfully on port: 8089
[main] INFO com.testing.training.stepdefinitions.commons.Hooks - Mock server URL configured: http://localhost:8089
[main] INFO net.thucydides.core.steps.StepEventBus - Loading JUnit Platform configuration parameters from classpath resource [junit-platform.properties].
[main] INFO net.thucydides.model.logging.ConsoleLoggingListener - &amp#27;[96m

-------------------------------------------------------------------------------------
     _______. _______ .______       _______ .__   __.  __  .___________.____    ____ 
    /       ||   ____||   _  \     |   ____||  \ |  | |  | |           |\   \  /   / 
   |   (----`|  |__   |  |_)  |    |  |__   |   \|  | |  | `---|  |----` \   \/   /  
    \   \    |   __|  |      /     |   __|  |  . `  | |  |     |  |       \_    _/   
.----)   |   |  |____ |  |\  \----.|  |____ |  |\   | |  |     |  |         |  |     
|_______/    |_______|| _| `._____||_______||__| \__| |__|     |__|         |__|    
                                                                                     
 News and tutorials at https://serenity-bdd.info                                     
 Documentation at https://serenity-bdd.github.io                                     
 Test Automation Training and Coaching: https://www.serenity-dojo.com                
 Commercial Support: https://www.serenity-dojo.com/serenity-bdd-enterprise-support   
 Join the Serenity Community on Gitter: https://gitter.im/serenity-bdd/serenity-core 
-------------------------------------------------------------------------------------
&amp#27;[0m
[main] INFO net.thucydides.model.logging.ConsoleLoggingListener - Test Suite Started: WireMock Login API
]]></system-err>
  </testcase>
  <testcase name="WireMock Login API - Successful login returns same username in response - Examples - Example #1.1" classname="WireMock Login API - Successful login returns same username in response - Examples" time="0.0">
    <skipped message="&apos;cucumber.filter.tags=@successfulGetTask&apos; did not match this scenario"/>
  </testcase>
  <testcase name="WireMock Login API - Successful login returns same username in response - Examples - Example #1.3" classname="WireMock Login API - Successful login returns same username in response - Examples" time="0.0">
    <skipped message="&apos;cucumber.filter.tags=@successfulGetTask&apos; did not match this scenario"/>
  </testcase>
  <testcase name="WireMock Login API - Login fails for locked user" classname="WireMock Login API" time="0.0">
    <skipped message="&apos;cucumber.filter.tags=@successfulGetTask&apos; did not match this scenario"/>
  </testcase>
  <testcase name="WireMock Login API - Login fails with invalid credentials" classname="WireMock Login API" time="0.0">
    <skipped message="&apos;cucumber.filter.tags=@successfulGetTask&apos; did not match this scenario"/>
  </testcase>
  <testcase name="WireMock Get User API - Successful user retrieval returns the requested profile - Examples - Example #1.2" classname="WireMock Get User API - Successful user retrieval returns the requested profile - Examples" time="0.0">
    <skipped message="&apos;cucumber.filter.tags=@successfulGetTask&apos; did not match this scenario"/>
    <system-err><![CDATA[[main] INFO net.thucydides.model.logging.ConsoleLoggingListener - Test Suite Started: WireMock Get User API
]]></system-err>
  </testcase>
  <testcase name="WireMock Get User API - Successful user retrieval returns the requested profile - Examples - Example #1.1" classname="WireMock Get User API - Successful user retrieval returns the requested profile - Examples" time="0.0">
    <skipped message="&apos;cucumber.filter.tags=@successfulGetTask&apos; did not match this scenario"/>
  </testcase>
  <testcase name="WireMock Get User API - Successful user retrieval returns the requested profile - Examples - Example #1.3" classname="WireMock Get User API - Successful user retrieval returns the requested profile - Examples" time="0.0">
    <skipped message="&apos;cucumber.filter.tags=@successfulGetTask&apos; did not match this scenario"/>
  </testcase>
  <testcase name="WireMock Get User API - User retrieval fails for an invalid user id format" classname="WireMock Get User API" time="0.0">
    <skipped message="&apos;cucumber.filter.tags=@successfulGetTask&apos; did not match this scenario"/>
  </testcase>
  <testcase name="WireMock Task API - Successful task retrieval returns the requested task - Examples - Example #1.1" classname="WireMock Task API - Successful task retrieval returns the requested task - Examples" time="3.601">
    <system-err><![CDATA[[main] INFO net.thucydides.model.logging.ConsoleLoggingListener - Test Suite Started: WireMock Task API
[main] INFO com.testing.training.stepdefinitions.api.TaskServerStepDefinitions - Task mock server is running on: http://localhost:8089
]]></system-err>
  </testcase>
  <testcase name="WireMock Task API - Successful task retrieval returns the requested task - Examples - Example #1.3" classname="WireMock Task API - Successful task retrieval returns the requested task - Examples" time="0.37">
    <system-err><![CDATA[[main] INFO com.testing.training.stepdefinitions.api.TaskServerStepDefinitions - Task mock server is running on: http://localhost:8089
]]></system-err>
  </testcase>
  <testcase name="WireMock Task API - Successful task retrieval returns the requested task - Examples - Example #1.2" classname="WireMock Task API - Successful task retrieval returns the requested task - Examples" time="0.364">
    <system-err><![CDATA[[main] INFO com.testing.training.stepdefinitions.api.TaskServerStepDefinitions - Task mock server is running on: http://localhost:8089
]]></system-err>
  </testcase>
  <testcase name="WireMock Task API - Retrieving a missing task returns a controlled error" classname="WireMock Task API" time="0.0">
    <skipped message="&apos;cucumber.filter.tags=@successfulGetTask&apos; did not match this scenario"/>
  </testcase>
  <testcase name="WireMock Task API - Successful task creation returns the created task" classname="WireMock Task API" time="0.0">
    <skipped message="&apos;cucumber.filter.tags=@successfulGetTask&apos; did not match this scenario"/>
  </testcase>
</testsuite>